# JRE version: OpenJDK Runtime Environment Temurin-17.0.6+10 (17.0.6+10) (build 17.0.6+10)
# Java VM: OpenJDK 64-Bit Server VM Temurin-17.0.6+10 (17.0.6+10, mixed mode, tiered, compressed oops, compressed class ptrs, parallel gc, linux-amd64)
GC Precious Log:
 CPUs: 4 total, 4 available
 Memory: 7914M
 Large Page Support: Disabled
 NUMA Support: Disabled
 Compressed Oops: Enabled (32-bit)
 Alignments: Space 512K, Generation 512K, Heap 2M
 Heap Min Capacity: 100M
 Heap Initial Capacity: 100M
 Heap Max Capacity: 1G
 Pre-touch: Disabled
 Parallel Workers: 4
Heap:
 PSYoungGen      total 19968K, used 5954K [0x00000000eab00000, 0x00000000ec100000, 0x0000000100000000)
  eden space 19456K, 28% used [0x00000000eab00000,0x00000000eb0528c0,0x00000000ebe00000)
  from space 512K, 98% used [0x00000000ebf00000,0x00000000ebf7df50,0x00000000ebf80000)
  to   space 1536K, 0% used [0x00000000ebf80000,0x00000000ebf80000,0x00000000ec100000)
 ParOldGen       total 68608K, used 33546K [0x00000000c0000000, 0x00000000c4300000, 0x00000000eab00000)
  object space 68608K, 48% used [0x00000000c0000000,0x00000000c20c2af0,0x00000000c4300000)
 Metaspace       used 56808K, committed 57728K, reserved 1105920K
  class space    used 6164K, committed 6528K, reserved 1048576K
GC Heap History (20 events):
Event: 7.962 GC heap before
{Heap before GC invocations=18 (full 2):
 PSYoungGen      total 24064K, used 24032K [0x00000000eab00000, 0x00000000ec880000, 0x0000000100000000)
  eden space 22016K, 100% used [0x00000000eab00000,0x00000000ec080000,0x00000000ec080000)
  from space 2048K, 98% used [0x00000000ec100000,0x00000000ec2f8010,0x00000000ec300000)
  to   space 4096K, 0% used [0x00000000ec480000,0x00000000ec480000,0x00000000ec880000)
 ParOldGen       total 68608K, used 18574K [0x00000000c0000000, 0x00000000c4300000, 0x00000000eab00000)
  object space 68608K, 27% used [0x00000000c0000000,0x00000000c1223ab8,0x00000000c4300000)
 Metaspace       used 47562K, committed 48384K, reserved 1097728K
  class space    used 5224K, committed 5568K, reserved 1048576K
}
Event: 7.971 GC heap after
{Heap after GC invocations=18 (full 2):
 PSYoungGen      total 24576K, used 2162K [0x00000000eab00000, 0x00000000ec700000, 0x0000000100000000)
  eden space 22016K, 0% used [0x00000000eab00000,0x00000000eab00000,0x00000000ec080000)
  from space 2560K, 84% used [0x00000000ec480000,0x00000000ec69cb28,0x00000000ec700000)
  to   space 3072K, 0% used [0x00000000ec100000,0x00000000ec100000,0x00000000ec400000)
 ParOldGen       total 68608K, used 20490K [0x00000000c0000000, 0x00000000c4300000, 0x00000000eab00000)
  object space 68608K, 29% used [0x00000000c0000000,0x00000000c1402bb0,0x00000000c4300000)
 Metaspace       used 47562K, committed 48384K, reserved 1097728K
  class space    used 5224K, committed 5568K, reserved 1048576K
}
Event: 8.026 GC heap before
{Heap before GC invocations=19 (full 2):
 PSYoungGen      total 24576K, used 24178K [0x00000000eab00000, 0x00000000ec700000, 0x0000000100000000)
  eden space 22016K, 100% used [0x00000000eab00000,0x00000000ec080000,0x00000000ec080000)
  from space 2560K, 84% used [0x00000000ec480000,0x00000000ec69cb28,0x00000000ec700000)
  to   space 3072K, 0% used [0x00000000ec100000,0x00000000ec100000,0x00000000ec400000)
 ParOldGen       total 68608K, used 20490K [0x00000000c0000000, 0x00000000c4300000, 0x00000000eab00000)
  object space 68608K, 29% used [0x00000000c0000000,0x00000000c1402bb0,0x00000000c4300000)
 Metaspace       used 47708K, committed 48512K, reserved 1097728K
  class space    used 5239K, committed 5568K, reserved 1048576K
}
Event: 8.031 GC heap after
{Heap after GC invocations=19 (full 2):
 PSYoungGen      total 24576K, used 2432K [0x00000000eab00000, 0x00000000ec580000, 0x0000000100000000)
  eden space 22016K, 0% used [0x00000000eab00000,0x00000000eab00000,0x00000000ec080000)
  from space 2560K, 95% used [0x00000000ec100000,0x00000000ec360010,0x00000000ec380000)
  to   space 2048K, 0% used [0x00000000ec380000,0x00000000ec380000,0x00000000ec580000)
 ParOldGen       total 68608K, used 22589K [0x00000000c0000000, 0x00000000c4300000, 0x00000000eab00000)
  object space 68608K, 32% used [0x00000000c0000000,0x00000000c160f6d8,0x00000000c4300000)
 Metaspace       used 47708K, committed 48512K, reserved 1097728K
  class space    used 5239K, committed 5568K, reserved 1048576K
}
Event: 8.071 GC heap before
{Heap before GC invocations=20 (full 2):
 PSYoungGen      total 24576K, used 24448K [0x00000000eab00000, 0x00000000ec580000, 0x0000000100000000)
  eden space 22016K, 100% used [0x00000000eab00000,0x00000000ec080000,0x00000000ec080000)
  from space 2560K, 95% used [0x00000000ec100000,0x00000000ec360010,0x00000000ec380000)
  to   space 2048K, 0% used [0x00000000ec380000,0x00000000ec380000,0x00000000ec580000)
 ParOldGen       total 68608K, used 22589K [0x00000000c0000000, 0x00000000c4300000, 0x00000000eab00000)
  object space 68608K, 32% used [0x00000000c0000000,0x00000000c160f6d8,0x00000000c4300000)
 Metaspace       used 47709K, committed 48512K, reserved 1097728K
  class space    used 5239K, committed 5568K, reserved 1048576K
}
Event: 8.081 GC heap after
{Heap after GC invocations=20 (full 2):
 PSYoungGen      total 21504K, used 2016K [0x00000000eab00000, 0x00000000ecb80000, 0x0000000100000000)
  eden space 19456K, 0% used [0x00000000eab00000,0x00000000eab00000,0x00000000ebe00000)
  from space 2048K, 98% used [0x00000000ec380000,0x00000000ec578010,0x00000000ec580000)
  to   space 5632K, 0% used [0x00000000ebe00000,0x00000000ebe00000,0x00000000ec380000)
 ParOldGen       total 68608K, used 25433K [0x00000000c0000000, 0x00000000c4300000, 0x00000000eab00000)
  object space 68608K, 37% used [0x00000000c0000000,0x00000000c18d6468,0x00000000c4300000)
 Metaspace       used 47709K, committed 48512K, reserved 1097728K
  class space    used 5239K, committed 5568K, reserved 1048576K
}
Event: 8.104 GC heap before
{Heap before GC invocations=21 (full 2):
 PSYoungGen      total 21504K, used 21472K [0x00000000eab00000, 0x00000000ecb80000, 0x0000000100000000)
  eden space 19456K, 100% used [0x00000000eab00000,0x00000000ebe00000,0x00000000ebe00000)
  from space 2048K, 98% used [0x00000000ec380000,0x00000000ec578010,0x00000000ec580000)
  to   space 5632K, 0% used [0x00000000ebe00000,0x00000000ebe00000,0x00000000ec380000)
 ParOldGen       total 68608K, used 25433K [0x00000000c0000000, 0x00000000c4300000, 0x00000000eab00000)
  object space 68608K, 37% used [0x00000000c0000000,0x00000000c18d6468,0x00000000c4300000)
 Metaspace       used 47709K, committed 48512K, reserved 1097728K
  class space    used 5239K, committed 5568K, reserved 1048576K
}
Event: 8.109 GC heap after
{Heap after GC invocations=21 (full 2):
 PSYoungGen      total 21504K, used 2048K [0x00000000eab00000, 0x00000000ec400000, 0x0000000100000000)
  eden space 19456K, 0% used [0x00000000eab00000,0x00000000eab00000,0x00000000ebe00000)
  from space 2048K, 100% used [0x00000000ebe00000,0x00000000ec000000,0x00000000ec000000)
  to   space 3072K, 0% used [0x00000000ec100000,0x00000000ec100000,0x00000000ec400000)
 ParOldGen       total 68608K, used 27465K [0x00000000c0000000, 0x00000000c4300000, 0x00000000eab00000)
  object space 68608K, 40% used [0x00000000c0000000,0x00000000c1ad2478,0x00000000c4300000)
 Metaspace       used 47709K, committed 48512K, reserved 1097728K
  class space    used 5239K, committed 5568K, reserved 1048576K
}
Event: 8.338 GC heap before
{Heap before GC invocations=22 (full 2):
 PSYoungGen      total 21504K, used 21504K [0x00000000eab00000, 0x00000000ec400000, 0x0000000100000000)
  eden space 19456K, 100% used [0x00000000eab00000,0x00000000ebe00000,0x00000000ebe00000)
  from space 2048K, 100% used [0x00000000ebe00000,0x00000000ec000000,0x00000000ec000000)
  to   space 3072K, 0% used [0x00000000ec100000,0x00000000ec100000,0x00000000ec400000)
 ParOldGen       total 68608K, used 27465K [0x00000000c0000000, 0x00000000c4300000, 0x00000000eab00000)
  object space 68608K, 40% used [0x00000000c0000000,0x00000000c1ad2478,0x00000000c4300000)
 Metaspace       used 48159K, committed 49024K, reserved 1097728K
  class space    used 5271K, committed 5632K, reserved 1048576K
}
Event: 8.342 GC heap after
{Heap after GC invocations=22 (full 2):
 PSYoungGen      total 22528K, used 2544K [0x00000000eab00000, 0x00000000ec400000, 0x0000000100000000)
  eden space 19456K, 0% used [0x00000000eab00000,0x00000000eab00000,0x00000000ebe00000)
  from space 3072K, 82% used [0x00000000ec100000,0x00000000ec37c2f0,0x00000000ec400000)
  to   space 3072K, 0% used [0x00000000ebe00000,0x00000000ebe00000,0x00000000ec100000)
 ParOldGen       total 68608K, used 29471K [0x00000000c0000000, 0x00000000c4300000, 0x00000000eab00000)
  object space 68608K, 42% used [0x00000000c0000000,0x00000000c1cc7cf8,0x00000000c4300000)
 Metaspace       used 48159K, committed 49024K, reserved 1097728K
  class space    used 5271K, committed 5632K, reserved 1048576K
}
Event: 8.747 GC heap before
{Heap before GC invocations=23 (full 2):
 PSYoungGen      total 22528K, used 22000K [0x00000000eab00000, 0x00000000ec400000, 0x0000000100000000)
  eden space 19456K, 100% used [0x00000000eab00000,0x00000000ebe00000,0x00000000ebe00000)
  from space 3072K, 82% used [0x00000000ec100000,0x00000000ec37c2f0,0x00000000ec400000)
  to   space 3072K, 0% used [0x00000000ebe00000,0x00000000ebe00000,0x00000000ec100000)
 ParOldGen       total 68608K, used 29471K [0x00000000c0000000, 0x00000000c4300000, 0x00000000eab00000)
  object space 68608K, 42% used [0x00000000c0000000,0x00000000c1cc7cf8,0x00000000c4300000)
 Metaspace       used 50623K, committed 51456K, reserved 1097728K
  class space    used 5523K, committed 5888K, reserved 1048576K
}
Event: 8.752 GC heap after
{Heap after GC invocations=23 (full 2):
 PSYoungGen      total 20480K, used 614K [0x00000000eab00000, 0x00000000ec180000, 0x0000000100000000)
  eden space 19456K, 0% used [0x00000000eab00000,0x00000000eab00000,0x00000000ebe00000)
  from space 1024K, 60% used [0x00000000ebe00000,0x00000000ebe99ab0,0x00000000ebf00000)
  to   space 1536K, 0% used [0x00000000ec000000,0x00000000ec000000,0x00000000ec180000)
 ParOldGen       total 68608K, used 31908K [0x00000000c0000000, 0x00000000c4300000, 0x00000000eab00000)
  object space 68608K, 46% used [0x00000000c0000000,0x00000000c1f29340,0x00000000c4300000)
 Metaspace       used 50623K, committed 51456K, reserved 1097728K
  class space    used 5523K, committed 5888K, reserved 1048576K
}
Event: 9.097 GC heap before
{Heap before GC invocations=24 (full 2):
 PSYoungGen      total 20480K, used 20070K [0x00000000eab00000, 0x00000000ec180000, 0x0000000100000000)
  eden space 19456K, 100% used [0x00000000eab00000,0x00000000ebe00000,0x00000000ebe00000)
  from space 1024K, 60% used [0x00000000ebe00000,0x00000000ebe99ab0,0x00000000ebf00000)
  to   space 1536K, 0% used [0x00000000ec000000,0x00000000ec000000,0x00000000ec180000)
 ParOldGen       total 68608K, used 31908K [0x00000000c0000000, 0x00000000c4300000, 0x00000000eab00000)
  object space 68608K, 46% used [0x00000000c0000000,0x00000000c1f29340,0x00000000c4300000)
 Metaspace       used 52213K, committed 53120K, reserved 1097728K
  class space    used 5660K, committed 6016K, reserved 1048576K
}
Event: 9.100 GC heap after
{Heap after GC invocations=24 (full 2):
 PSYoungGen      total 19968K, used 448K [0x00000000eab00000, 0x00000000ec080000, 0x0000000100000000)
  eden space 19456K, 0% used [0x00000000eab00000,0x00000000eab00000,0x00000000ebe00000)
  from space 512K, 87% used [0x00000000ec000000,0x00000000ec070000,0x00000000ec080000)
  to   space 1024K, 0% used [0x00000000ebe80000,0x00000000ebe80000,0x00000000ebf80000)
 ParOldGen       total 68608K, used 32470K [0x00000000c0000000, 0x00000000c4300000, 0x00000000eab00000)
  object space 68608K, 47% used [0x00000000c0000000,0x00000000c1fb5848,0x00000000c4300000)
 Metaspace       used 52213K, committed 53120K, reserved 1097728K
  class space    used 5660K, committed 6016K, reserved 1048576K
}
Event: 9.230 GC heap before
{Heap before GC invocations=25 (full 2):
 PSYoungGen      total 19968K, used 19884K [0x00000000eab00000, 0x00000000ec080000, 0x0000000100000000)
  eden space 19456K, 99% used [0x00000000eab00000,0x00000000ebdfb260,0x00000000ebe00000)
  from space 512K, 87% used [0x00000000ec000000,0x00000000ec070000,0x00000000ec080000)
  to   space 1024K, 0% used [0x00000000ebe80000,0x00000000ebe80000,0x00000000ebf80000)
 ParOldGen       total 68608K, used 32470K [0x00000000c0000000, 0x00000000c4300000, 0x00000000eab00000)
  object space 68608K, 47% used [0x00000000c0000000,0x00000000c1fb5848,0x00000000c4300000)
 Metaspace       used 52369K, committed 53184K, reserved 1097728K
  class space    used 5678K, committed 6016K, reserved 1048576K
}
Event: 9.232 GC heap after
{Heap after GC invocations=25 (full 2):
 PSYoungGen      total 20480K, used 731K [0x00000000eab00000, 0x00000000ec080000, 0x0000000100000000)
  eden space 19456K, 0% used [0x00000000eab00000,0x00000000eab00000,0x00000000ebe00000)
  from space 1024K, 71% used [0x00000000ebe80000,0x00000000ebf36f30,0x00000000ebf80000)
  to   space 1024K, 0% used [0x00000000ebf80000,0x00000000ebf80000,0x00000000ec080000)
 ParOldGen       total 68608K, used 32806K [0x00000000c0000000, 0x00000000c4300000, 0x00000000eab00000)
  object space 68608K, 47% used [0x00000000c0000000,0x00000000c2009848,0x00000000c4300000)
 Metaspace       used 52369K, committed 53184K, reserved 1097728K
  class space    used 5678K, committed 6016K, reserved 1048576K
}
Event: 9.402 GC heap before
{Heap before GC invocations=26 (full 2):
 PSYoungGen      total 20480K, used 20187K [0x00000000eab00000, 0x00000000ec080000, 0x0000000100000000)
  eden space 19456K, 100% used [0x00000000eab00000,0x00000000ebe00000,0x00000000ebe00000)
  from space 1024K, 71% used [0x00000000ebe80000,0x00000000ebf36f30,0x00000000ebf80000)
  to   space 1024K, 0% used [0x00000000ebf80000,0x00000000ebf80000,0x00000000ec080000)
 ParOldGen       total 68608K, used 32806K [0x00000000c0000000, 0x00000000c4300000, 0x00000000eab00000)
  object space 68608K, 47% used [0x00000000c0000000,0x00000000c2009848,0x00000000c4300000)
 Metaspace       used 53476K, committed 54336K, reserved 1097728K
  class space    used 5781K, committed 6144K, reserved 1048576K
}
Event: 9.415 GC heap after
{Heap after GC invocations=26 (full 2):
 PSYoungGen      total 19968K, used 256K [0x00000000eab00000, 0x00000000ec000000, 0x0000000100000000)
  eden space 19456K, 0% used [0x00000000eab00000,0x00000000eab00000,0x00000000ebe00000)
  from space 512K, 50% used [0x00000000ebf80000,0x00000000ebfc0010,0x00000000ec000000)
  to   space 512K, 0% used [0x00000000ebf00000,0x00000000ebf00000,0x00000000ebf80000)
 ParOldGen       total 68608K, used 32846K [0x00000000c0000000, 0x00000000c4300000, 0x00000000eab00000)
  object space 68608K, 47% used [0x00000000c0000000,0x00000000c2013848,0x00000000c4300000)
 Metaspace       used 53476K, committed 54336K, reserved 1097728K
  class space    used 5781K, committed 6144K, reserved 1048576K
}
Event: 10.005 GC heap before
{Heap before GC invocations=27 (full 2):
 PSYoungGen      total 19968K, used 19712K [0x00000000eab00000, 0x00000000ec000000, 0x0000000100000000)
  eden space 19456K, 100% used [0x00000000eab00000,0x00000000ebe00000,0x00000000ebe00000)
  from space 512K, 50% used [0x00000000ebf80000,0x00000000ebfc0010,0x00000000ec000000)
  to   space 512K, 0% used [0x00000000ebf00000,0x00000000ebf00000,0x00000000ebf80000)
 ParOldGen       total 68608K, used 32846K [0x00000000c0000000, 0x00000000c4300000, 0x00000000eab00000)
  object space 68608K, 47% used [0x00000000c0000000,0x00000000c2013848,0x00000000c4300000)
 Metaspace       used 56051K, committed 56960K, reserved 1105920K
  class space    used 6082K, committed 6464K, reserved 1048576K
}
Event: 10.009 GC heap after
{Heap after GC invocations=27 (full 2):
 PSYoungGen      total 19968K, used 503K [0x00000000eab00000, 0x00000000ec100000, 0x0000000100000000)
  eden space 19456K, 0% used [0x00000000eab00000,0x00000000eab00000,0x00000000ebe00000)
  from space 512K, 98% used [0x00000000ebf00000,0x00000000ebf7df50,0x00000000ebf80000)
  to   space 1536K, 0% used [0x00000000ebf80000,0x00000000ebf80000,0x00000000ec100000)
 ParOldGen       total 68608K, used 33546K [0x00000000c0000000, 0x00000000c4300000, 0x00000000eab00000)
  object space 68608K, 48% used [0x00000000c0000000,0x00000000c20c2af0,0x00000000c4300000)
 Metaspace       used 56051K, committed 56960K, reserved 1105920K
  class space    used 6082K, committed 6464K, reserved 1048576K
}

